\BOOKMARK [1][-]{section.1}{Discourse Analysis}{}% 1
\BOOKMARK [2][-]{subsection.1.1}{Rhetorical Analysis}{section.1}% 2
\BOOKMARK [2][-]{subsection.1.2}{Topic Segmentation and Labeling in Asynchronous Conversations}{section.1}% 3
\BOOKMARK [2][-]{subsection.1.3}{Dialogue Act Recognition in Asynchronous Conversation}{section.1}% 4
\BOOKMARK [2][-]{subsection.1.4}{Coherence Modeling}{section.1}% 5
\BOOKMARK [1][-]{section.2}{Applications of Discourse Analysis}{}% 6
\BOOKMARK [2][-]{subsection.2.1}{Discourse for Machine Translation}{section.2}% 7
\BOOKMARK [2][-]{subsection.2.2}{Discourse for Text Summarization}{section.2}% 8
\BOOKMARK [1][-]{section.3}{Machine Learning for NLP and Data Mining}{}% 9
\BOOKMARK [2][-]{subsection.3.1}{Deep Learning}{section.3}% 10
\BOOKMARK [3][-]{subsubsection.3.1.1}{Deep Learning for Machine Translation and its Evaluation}{subsection.3.1}% 11
\BOOKMARK [3][-]{subsubsection.3.1.2}{Deep Learning for Opinion Analysis}{subsection.3.1}% 12
\BOOKMARK [3][-]{subsubsection.3.1.3}{Deep Learning for Sentence Representation}{subsection.3.1}% 13
\BOOKMARK [3][-]{subsubsection.3.1.4}{Deep Learning for Health Informatics}{subsection.3.1}% 14
\BOOKMARK [3][-]{subsubsection.3.1.5}{Deep Learning for Crisis Computing}{subsection.3.1}% 15
\BOOKMARK [2][-]{subsection.3.2}{Probabilistic Graphical Models}{section.3}% 16
\BOOKMARK [2][-]{subsection.3.3}{Combining Deep Learning and Probabilistic Graphical Models}{section.3}% 17
\BOOKMARK [2][-]{subsection.3.4}{Early Work on Unsupervised Models for Question Answering \046 Summarization}{section.3}% 18
\BOOKMARK [1][-]{section.4}{Future Research Directions}{}% 19
\BOOKMARK [2][-]{subsection.4.1}{Other Discourse Analysis Tasks in Asynchronous Conversation}{section.4}% 20
\BOOKMARK [2][-]{subsection.4.2}{NLP Applications}{section.4}% 21
\BOOKMARK [2][-]{subsection.4.3}{Group Mining in Social Networks}{section.4}% 22
